[debug] [2024-03-16T04:54:36.270Z] ----------------------------------------------------------------------
[debug] [2024-03-16T04:54:36.272Z] Command:       /opt/homebrew/Cellar/node/21.6.0/bin/node /opt/homebrew/bin/firebase init
[debug] [2024-03-16T04:54:36.272Z] CLI Version:   13.5.1
[debug] [2024-03-16T04:54:36.272Z] Platform:      darwin
[debug] [2024-03-16T04:54:36.272Z] Node Version:  v21.6.0
[debug] [2024-03-16T04:54:36.272Z] Time:          Sat Mar 16 2024 01:54:36 GMT-0300 (Argentina Standard Time)
[debug] [2024-03-16T04:54:36.272Z] ----------------------------------------------------------------------
[debug] 
[debug] [2024-03-16T04:54:36.274Z] >>> [apiv2][query] GET https://firebase-public.firebaseio.com/cli.json [none]
[debug] [2024-03-16T04:54:36.290Z] > command requires scopes: ["email","openid","https://www.googleapis.com/auth/cloudplatformprojects.readonly","https://www.googleapis.com/auth/firebase","https://www.googleapis.com/auth/cloud-platform"]
[debug] [2024-03-16T04:54:36.290Z] > authorizing via signed-in user (frankjag@yandex.com)
[info] 
     ######## #### ########  ######## ########     ###     ######  ########
     ##        ##  ##     ## ##       ##     ##  ##   ##  ##       ##
     ######    ##  ########  ######   ########  #########  ######  ######
     ##        ##  ##    ##  ##       ##     ## ##     ##       ## ##
     ##       #### ##     ## ######## ########  ##     ##  ######  ########

You're about to initialize a Firebase project in this directory:

  /Users/franco/Documents/OWN/steamboxchatsales

[debug] [2024-03-16T04:54:36.706Z] <<< [apiv2][status] GET https://firebase-public.firebaseio.com/cli.json 200
[debug] [2024-03-16T04:54:36.707Z] <<< [apiv2][body] GET https://firebase-public.firebaseio.com/cli.json {"cloudBuildErrorAfter":1594252800000,"cloudBuildWarnAfter":1590019200000,"defaultNode10After":1594252800000,"minVersion":"3.0.5","node8DeploysDisabledAfter":1613390400000,"node8RuntimeDisabledAfter":1615809600000,"node8WarnAfter":1600128000000}
[info] 
=== Project Setup
[info] 
[info] First, let's associate this project directory with a Firebase project.
[info] You can create multiple project aliases by running firebase use --add, 
[info] but for now we'll just set up a default project.
[info] 
[info] i  If you want to create a project in a Google Cloud organization or folder, please use "firebase projects:create" instead, and return to this command when you've created the project. 
[debug] [2024-03-16T04:54:53.434Z] > refreshing access token with scopes: []
[debug] [2024-03-16T04:54:53.435Z] >>> [apiv2][query] POST https://www.googleapis.com/oauth2/v3/token [none]
[debug] [2024-03-16T04:54:53.435Z] >>> [apiv2][body] POST https://www.googleapis.com/oauth2/v3/token [omitted]
[debug] [2024-03-16T04:54:53.550Z] <<< [apiv2][status] POST https://www.googleapis.com/oauth2/v3/token 200
[debug] [2024-03-16T04:54:53.550Z] <<< [apiv2][body] POST https://www.googleapis.com/oauth2/v3/token [omitted]
[debug] [2024-03-16T04:54:53.561Z] >>> [apiv2][query] POST https://cloudresourcemanager.googleapis.com/v1/projects [none]
[debug] [2024-03-16T04:54:53.561Z] >>> [apiv2][body] POST https://cloudresourcemanager.googleapis.com/v1/projects {"projectId":"steamboxsales","name":"steamboxsales"}
[debug] [2024-03-16T04:54:54.629Z] <<< [apiv2][status] POST https://cloudresourcemanager.googleapis.com/v1/projects 200
[debug] [2024-03-16T04:54:54.629Z] <<< [apiv2][body] POST https://cloudresourcemanager.googleapis.com/v1/projects {"name":"operations/cp.5098167631457466626"}
[debug] [2024-03-16T04:54:54.631Z] >>> [apiv2][query] GET https://cloudresourcemanager.googleapis.com/v1/operations/cp.5098167631457466626 [none]
[debug] [2024-03-16T04:54:55.695Z] <<< [apiv2][status] GET https://cloudresourcemanager.googleapis.com/v1/operations/cp.5098167631457466626 200
[debug] [2024-03-16T04:54:55.695Z] <<< [apiv2][body] GET https://cloudresourcemanager.googleapis.com/v1/operations/cp.5098167631457466626 {"name":"operations/cp.5098167631457466626"}
[debug] [2024-03-16T04:54:56.195Z] [Project Creation Poller] Retrying task index 0
[debug] [2024-03-16T04:54:56.196Z] >>> [apiv2][query] GET https://cloudresourcemanager.googleapis.com/v1/operations/cp.5098167631457466626 [none]
[debug] [2024-03-16T04:54:56.612Z] <<< [apiv2][status] GET https://cloudresourcemanager.googleapis.com/v1/operations/cp.5098167631457466626 200
[debug] [2024-03-16T04:54:56.612Z] <<< [apiv2][body] GET https://cloudresourcemanager.googleapis.com/v1/operations/cp.5098167631457466626 {"name":"operations/cp.5098167631457466626"}
[debug] [2024-03-16T04:54:57.613Z] [Project Creation Poller] Retrying task index 0
[debug] [2024-03-16T04:54:57.614Z] >>> [apiv2][query] GET https://cloudresourcemanager.googleapis.com/v1/operations/cp.5098167631457466626 [none]
[debug] [2024-03-16T04:54:58.043Z] <<< [apiv2][status] GET https://cloudresourcemanager.googleapis.com/v1/operations/cp.5098167631457466626 200
[debug] [2024-03-16T04:54:58.043Z] <<< [apiv2][body] GET https://cloudresourcemanager.googleapis.com/v1/operations/cp.5098167631457466626 {"name":"operations/cp.5098167631457466626","metadata":{"@type":"type.googleapis.com/google.cloudresourcemanager.v1.ProjectCreationStatus","gettable":true}}
[debug] [2024-03-16T04:55:00.045Z] [Project Creation Poller] Retrying task index 0
[debug] [2024-03-16T04:55:00.045Z] >>> [apiv2][query] GET https://cloudresourcemanager.googleapis.com/v1/operations/cp.5098167631457466626 [none]
[debug] [2024-03-16T04:55:00.377Z] <<< [apiv2][status] GET https://cloudresourcemanager.googleapis.com/v1/operations/cp.5098167631457466626 200
[debug] [2024-03-16T04:55:00.377Z] <<< [apiv2][body] GET https://cloudresourcemanager.googleapis.com/v1/operations/cp.5098167631457466626 {"name":"operations/cp.5098167631457466626","metadata":{"@type":"type.googleapis.com/google.cloudresourcemanager.v1.ProjectCreationStatus","gettable":true,"ready":true},"done":true,"response":{"@type":"type.googleapis.com/google.cloudresourcemanager.v1.Project","projectNumber":"351422355860","projectId":"steamboxsales","lifecycleState":"ACTIVE","name":"steamboxsales","createTime":"2024-03-16T04:54:56.231074Z"}}
[debug] [2024-03-16T04:55:00.378Z] >>> [apiv2][query] POST https://firebase.googleapis.com/v1beta1/projects/steamboxsales:addFirebase [none]
[debug] [2024-03-16T04:55:04.136Z] <<< [apiv2][status] POST https://firebase.googleapis.com/v1beta1/projects/steamboxsales:addFirebase 200
[debug] [2024-03-16T04:55:04.136Z] <<< [apiv2][body] POST https://firebase.googleapis.com/v1beta1/projects/steamboxsales:addFirebase {"name":"operations/workflows/ZWM2ZDA3MjMtNGE5MS00M2ZlLTgwYmYtMGIyOTQ5OTg4MzA4"}
[debug] [2024-03-16T04:55:04.136Z] >>> [apiv2][query] GET https://firebase.googleapis.com/v1beta1/operations/workflows/ZWM2ZDA3MjMtNGE5MS00M2ZlLTgwYmYtMGIyOTQ5OTg4MzA4 [none]
[debug] [2024-03-16T04:55:08.695Z] <<< [apiv2][status] GET https://firebase.googleapis.com/v1beta1/operations/workflows/ZWM2ZDA3MjMtNGE5MS00M2ZlLTgwYmYtMGIyOTQ5OTg4MzA4 200
[debug] [2024-03-16T04:55:08.695Z] <<< [apiv2][body] GET https://firebase.googleapis.com/v1beta1/operations/workflows/ZWM2ZDA3MjMtNGE5MS00M2ZlLTgwYmYtMGIyOTQ5OTg4MzA4 {"name":"operations/workflows/ZWM2ZDA3MjMtNGE5MS00M2ZlLTgwYmYtMGIyOTQ5OTg4MzA4"}
[debug] [2024-03-16T04:55:09.197Z] [Add Firebase Poller] Retrying task index 0
[debug] [2024-03-16T04:55:09.198Z] >>> [apiv2][query] GET https://firebase.googleapis.com/v1beta1/operations/workflows/ZWM2ZDA3MjMtNGE5MS00M2ZlLTgwYmYtMGIyOTQ5OTg4MzA4 [none]
[debug] [2024-03-16T04:55:10.102Z] <<< [apiv2][status] GET https://firebase.googleapis.com/v1beta1/operations/workflows/ZWM2ZDA3MjMtNGE5MS00M2ZlLTgwYmYtMGIyOTQ5OTg4MzA4 200
[debug] [2024-03-16T04:55:10.102Z] <<< [apiv2][body] GET https://firebase.googleapis.com/v1beta1/operations/workflows/ZWM2ZDA3MjMtNGE5MS00M2ZlLTgwYmYtMGIyOTQ5OTg4MzA4 {"name":"operations/workflows/ZWM2ZDA3MjMtNGE5MS00M2ZlLTgwYmYtMGIyOTQ5OTg4MzA4"}
[debug] [2024-03-16T04:55:11.104Z] [Add Firebase Poller] Retrying task index 0
[debug] [2024-03-16T04:55:11.104Z] >>> [apiv2][query] GET https://firebase.googleapis.com/v1beta1/operations/workflows/ZWM2ZDA3MjMtNGE5MS00M2ZlLTgwYmYtMGIyOTQ5OTg4MzA4 [none]
[debug] [2024-03-16T04:55:11.663Z] <<< [apiv2][status] GET https://firebase.googleapis.com/v1beta1/operations/workflows/ZWM2ZDA3MjMtNGE5MS00M2ZlLTgwYmYtMGIyOTQ5OTg4MzA4 200
[debug] [2024-03-16T04:55:11.663Z] <<< [apiv2][body] GET https://firebase.googleapis.com/v1beta1/operations/workflows/ZWM2ZDA3MjMtNGE5MS00M2ZlLTgwYmYtMGIyOTQ5OTg4MzA4 {"name":"operations/workflows/ZWM2ZDA3MjMtNGE5MS00M2ZlLTgwYmYtMGIyOTQ5OTg4MzA4"}
[debug] [2024-03-16T04:55:13.665Z] [Add Firebase Poller] Retrying task index 0
[debug] [2024-03-16T04:55:13.666Z] >>> [apiv2][query] GET https://firebase.googleapis.com/v1beta1/operations/workflows/ZWM2ZDA3MjMtNGE5MS00M2ZlLTgwYmYtMGIyOTQ5OTg4MzA4 [none]
[debug] [2024-03-16T04:55:14.531Z] <<< [apiv2][status] GET https://firebase.googleapis.com/v1beta1/operations/workflows/ZWM2ZDA3MjMtNGE5MS00M2ZlLTgwYmYtMGIyOTQ5OTg4MzA4 200
[debug] [2024-03-16T04:55:14.531Z] <<< [apiv2][body] GET https://firebase.googleapis.com/v1beta1/operations/workflows/ZWM2ZDA3MjMtNGE5MS00M2ZlLTgwYmYtMGIyOTQ5OTg4MzA4 {"name":"operations/workflows/ZWM2ZDA3MjMtNGE5MS00M2ZlLTgwYmYtMGIyOTQ5OTg4MzA4","done":true,"response":{"@type":"type.googleapis.com/google.firebase.service.v1beta1.FirebaseProject","projectId":"steamboxsales","projectNumber":"351422355860","displayName":"steamboxsales","name":"projects/steamboxsales","resources":{"hostingSite":"steamboxsales"}}}
[info] 
[info] 🎉🎉🎉 Your Firebase project is ready! 🎉🎉🎉
[info] 
[info] Project information:
[info]    - Project ID: steamboxsales
[info]    - Project Name: steamboxsales
[info] 
[info] Firebase console is available at
[info] https://console.firebase.google.com/project/steamboxsales/overview
[info] i  Using project steamboxsales (steamboxsales) 
[info] 
=== Hosting Setup
[debug] [2024-03-16T04:55:14.540Z] >>> [apiv2][query] GET https://firebase.googleapis.com/v1beta1/projects/steamboxsales [none]
[debug] [2024-03-16T04:55:15.455Z] <<< [apiv2][status] GET https://firebase.googleapis.com/v1beta1/projects/steamboxsales 200
[debug] [2024-03-16T04:55:15.455Z] <<< [apiv2][body] GET https://firebase.googleapis.com/v1beta1/projects/steamboxsales {"projectId":"steamboxsales","projectNumber":"351422355860","displayName":"steamboxsales","name":"projects/steamboxsales","resources":{"hostingSite":"steamboxsales"},"state":"ACTIVE","etag":"1_d65fd8bb-5a10-4499-a600-a56a22268f6f"}
[info] 
[info] Your public directory is the folder (relative to your project directory) that
[info] will contain Hosting assets to be uploaded with firebase deploy. If you
[info] have a build process for your assets, use your build's output directory.
[info] 
[info] ✔  Wrote public/404.html 
[debug] [2024-03-16T04:55:30.775Z] >>> [apiv2][query] GET https://www.gstatic.com/firebasejs/releases.json [none]
[debug] [2024-03-16T04:55:30.992Z] <<< [apiv2][status] GET https://www.gstatic.com/firebasejs/releases.json 200
[debug] [2024-03-16T04:55:30.992Z] <<< [apiv2][body] GET https://www.gstatic.com/firebasejs/releases.json {"current":{"version":"10.9.0","browserURL":"https://www.gstatic.com/firebasejs/10.9.0/firebase.js","packageURL":"https://www.gstatic.com/firebasejs/10.9.0/firebase.tgz"},"live":{"version":"10.9","browserURL":"https://www.gstatic.com/firebasejs/live/10.9/firebase.js","packageURL":"https://www.gstatic.com/firebasejs/live/10.9/firebase.tgz"},"components":{"analytics":"https://www.gstatic.com/firebasejs/10.9.0/firebase-analytics.js","app":"https://www.gstatic.com/firebasejs/10.9.0/firebase-app.js","app-check":"https://www.gstatic.com/firebasejs/10.9.0/firebase-app-check.js","auth":"https://www.gstatic.com/firebasejs/10.9.0/firebase-auth.js","auth/cordova":"https://www.gstatic.com/firebasejs/10.9.0/firebase-auth/cordova.js","auth/web-extension":"https://www.gstatic.com/firebasejs/10.9.0/firebase-auth/web-extension.js","functions":"https://www.gstatic.com/firebasejs/10.9.0/firebase-functions.js","firestore":"https://www.gstatic.com/firebasejs/10.9.0/firebase-firestore.js","firestore/lite":"https://www.gstatic.com/firebasejs/10.9.0/firebase-firestore/lite.js","installations":"https://www.gstatic.com/firebasejs/10.9.0/firebase-installations.js","storage":"https://www.gstatic.com/firebasejs/10.9.0/firebase-storage.js","performance":"https://www.gstatic.com/firebasejs/10.9.0/firebase-performance.js","remote-config":"https://www.gstatic.com/firebasejs/10.9.0/firebase-remote-config.js","messaging":"https://www.gstatic.com/firebasejs/10.9.0/firebase-messaging.js","messaging/sw":"https://www.gstatic.com/firebasejs/10.9.0/firebase-messaging/sw.js","database":"https://www.gstatic.com/firebasejs/10.9.0/firebase-database.js","firestore.memory":"https://www.gstatic.com/firebasejs/10.9.0/firebase-firestore.memory.js"}}
[info] ✔  Wrote public/index.html 
[info] 
[info] i  Detected a .git folder at /Users/franco/Documents/OWN/steamboxchatsales 
[info] i  Authorizing with GitHub to upload your service account to a GitHub repository's secrets store. 
[info] 
[info] Visit this URL on this device to log in:
[info] https://github.com/login/oauth/authorize?client_id=89cf50f02ac6aaed3484&state=559142346&redirect_uri=http%3A%2F%2Flocalhost%3A9005&scope=read%3Auser%20repo%20public_repo
[info] 
[info] Waiting for authentication...
[debug] [2024-03-16T04:55:31.559Z] >>> [apiv2][query] POST https://github.com/login/oauth/access_token [none]
[debug] [2024-03-16T04:55:31.559Z] >>> [apiv2][body] POST https://github.com/login/oauth/access_token [stream]
[debug] [2024-03-16T04:55:31.885Z] <<< [apiv2][status] POST https://github.com/login/oauth/access_token 200
[debug] [2024-03-16T04:55:31.885Z] <<< [apiv2][body] POST https://github.com/login/oauth/access_token {"access_token":"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","token_type":"bearer","scope":"read:user,repo"}
[debug] [2024-03-16T04:55:31.889Z] >>> [apiv2][query] GET https://api.github.com/user [none]
[debug] [2024-03-16T04:55:32.205Z] <<< [apiv2][status] GET https://api.github.com/user 200
[debug] [2024-03-16T04:55:32.205Z] <<< [apiv2][body] GET https://api.github.com/user {"login":"hiddensetup","id":155107334,"node_id":"U_kgDOCT7ABg","avatar_url":"https://avatars.githubusercontent.com/u/155107334?v=4","gravatar_id":"","url":"https://api.github.com/users/hiddensetup","html_url":"https://github.com/hiddensetup","followers_url":"https://api.github.com/users/hiddensetup/followers","following_url":"https://api.github.com/users/hiddensetup/following{/other_user}","gists_url":"https://api.github.com/users/hiddensetup/gists{/gist_id}","starred_url":"https://api.github.com/users/hiddensetup/starred{/owner}{/repo}","subscriptions_url":"https://api.github.com/users/hiddensetup/subscriptions","organizations_url":"https://api.github.com/users/hiddensetup/orgs","repos_url":"https://api.github.com/users/hiddensetup/repos","events_url":"https://api.github.com/users/hiddensetup/events{/privacy}","received_events_url":"https://api.github.com/users/hiddensetup/received_events","type":"User","site_admin":false,"name":null,"company":null,"blog":"","location":null,"email":null,"hireable":null,"bio":null,"twitter_username":null,"public_repos":6,"public_gists":0,"followers":0,"following":1,"created_at":"2023-12-28T20:01:28Z","updated_at":"2024-03-12T04:07:24Z","private_gists":0,"total_private_repos":3,"owned_private_repos":3,"disk_usage":219361,"collaborators":0,"two_factor_authentication":false,"plan":{"name":"free","space":976562499,"collaborators":0,"private_repos":10000}}
[info] 
[info] ✔  Success! Logged into GitHub as hiddensetup 
[info] 
